=== puma startup: 2018-07-23 12:00:44 +0200 ===
/Users/rob/.rvm/gems/ruby-2.5.1/gems/puma-3.10.0/lib/puma/launcher.rb:130:in `initialize': No such file or directory @ rb_sysopen - /Users/rob/Dropbox/Projects/calllog/shared/pids/puma.pid (Errno::ENOENT)
	from /Users/rob/.rvm/gems/ruby-2.5.1/gems/puma-3.10.0/lib/puma/launcher.rb:130:in `open'
	from /Users/rob/.rvm/gems/ruby-2.5.1/gems/puma-3.10.0/lib/puma/launcher.rb:130:in `write_pid'
	from /Users/rob/.rvm/gems/ruby-2.5.1/gems/puma-3.10.0/lib/puma/launcher.rb:103:in `write_state'
	from /Users/rob/.rvm/gems/ruby-2.5.1/gems/puma-3.10.0/lib/puma/cluster.rb:445:in `run'
	from /Users/rob/.rvm/gems/ruby-2.5.1/gems/puma-3.10.0/lib/puma/launcher.rb:183:in `run'
	from /Users/rob/.rvm/gems/ruby-2.5.1/gems/puma-3.10.0/lib/rack/handler/puma.rb:69:in `run'
	from /Users/rob/.rvm/gems/ruby-2.5.1/gems/rack-2.0.3/lib/rack/server.rb:297:in `start'
	from /Users/rob/.rvm/gems/ruby-2.5.1/gems/railties-5.1.3/lib/rails/commands/server/server_command.rb:44:in `start'
	from /Users/rob/.rvm/gems/ruby-2.5.1/gems/railties-5.1.3/lib/rails/commands/server/server_command.rb:131:in `block in perform'
	from /Users/rob/.rvm/gems/ruby-2.5.1/gems/railties-5.1.3/lib/rails/commands/server/server_command.rb:126:in `tap'
	from /Users/rob/.rvm/gems/ruby-2.5.1/gems/railties-5.1.3/lib/rails/commands/server/server_command.rb:126:in `perform'
	from /Users/rob/.rvm/gems/ruby-2.5.1/gems/thor-0.20.0/lib/thor/command.rb:27:in `run'
	from /Users/rob/.rvm/gems/ruby-2.5.1/gems/thor-0.20.0/lib/thor/invocation.rb:126:in `invoke_command'
	from /Users/rob/.rvm/gems/ruby-2.5.1/gems/thor-0.20.0/lib/thor.rb:387:in `dispatch'
	from /Users/rob/.rvm/gems/ruby-2.5.1/gems/railties-5.1.3/lib/rails/command/base.rb:63:in `perform'
	from /Users/rob/.rvm/gems/ruby-2.5.1/gems/railties-5.1.3/lib/rails/command.rb:44:in `invoke'
	from /Users/rob/.rvm/gems/ruby-2.5.1/gems/railties-5.1.3/lib/rails/commands.rb:16:in `<top (required)>'
	from /Users/rob/Dropbox/Projects/calllog/bin/rails:9:in `require'
	from /Users/rob/Dropbox/Projects/calllog/bin/rails:9:in `<top (required)>'
	from /Users/rob/.rvm/gems/ruby-2.5.1/gems/spring-2.0.2/lib/spring/client/rails.rb:28:in `load'
	from /Users/rob/.rvm/gems/ruby-2.5.1/gems/spring-2.0.2/lib/spring/client/rails.rb:28:in `call'
	from /Users/rob/.rvm/gems/ruby-2.5.1/gems/spring-2.0.2/lib/spring/client/command.rb:7:in `call'
	from /Users/rob/.rvm/gems/ruby-2.5.1/gems/spring-2.0.2/lib/spring/client.rb:30:in `run'
	from /Users/rob/.rvm/gems/ruby-2.5.1/gems/spring-2.0.2/bin/spring:49:in `<top (required)>'
	from /Users/rob/.rvm/gems/ruby-2.5.1/gems/spring-2.0.2/lib/spring/binstub.rb:31:in `load'
	from /Users/rob/.rvm/gems/ruby-2.5.1/gems/spring-2.0.2/lib/spring/binstub.rb:31:in `<top (required)>'
	from /Users/rob/Dropbox/Projects/calllog/bin/spring:15:in `require'
	from /Users/rob/Dropbox/Projects/calllog/bin/spring:15:in `<top (required)>'
	from bin/rails:3:in `load'
	from bin/rails:3:in `<main>'
=== puma startup: 2018-07-23 12:53:38 +0200 ===
/Users/rob/.rvm/gems/ruby-2.5.1/gems/puma-3.10.0/lib/puma/launcher.rb:130:in `initialize': No such file or directory @ rb_sysopen - /Users/rob/Dropbox/Projects/calllog/shared/pids/puma.pid (Errno::ENOENT)
	from /Users/rob/.rvm/gems/ruby-2.5.1/gems/puma-3.10.0/lib/puma/launcher.rb:130:in `open'
	from /Users/rob/.rvm/gems/ruby-2.5.1/gems/puma-3.10.0/lib/puma/launcher.rb:130:in `write_pid'
	from /Users/rob/.rvm/gems/ruby-2.5.1/gems/puma-3.10.0/lib/puma/launcher.rb:103:in `write_state'
	from /Users/rob/.rvm/gems/ruby-2.5.1/gems/puma-3.10.0/lib/puma/cluster.rb:445:in `run'
	from /Users/rob/.rvm/gems/ruby-2.5.1/gems/puma-3.10.0/lib/puma/launcher.rb:183:in `run'
	from /Users/rob/.rvm/gems/ruby-2.5.1/gems/puma-3.10.0/lib/rack/handler/puma.rb:69:in `run'
	from /Users/rob/.rvm/gems/ruby-2.5.1/gems/rack-2.0.3/lib/rack/server.rb:297:in `start'
	from /Users/rob/.rvm/gems/ruby-2.5.1/gems/railties-5.1.3/lib/rails/commands/server/server_command.rb:44:in `start'
	from /Users/rob/.rvm/gems/ruby-2.5.1/gems/railties-5.1.3/lib/rails/commands/server/server_command.rb:131:in `block in perform'
	from /Users/rob/.rvm/gems/ruby-2.5.1/gems/railties-5.1.3/lib/rails/commands/server/server_command.rb:126:in `tap'
	from /Users/rob/.rvm/gems/ruby-2.5.1/gems/railties-5.1.3/lib/rails/commands/server/server_command.rb:126:in `perform'
	from /Users/rob/.rvm/gems/ruby-2.5.1/gems/thor-0.20.0/lib/thor/command.rb:27:in `run'
	from /Users/rob/.rvm/gems/ruby-2.5.1/gems/thor-0.20.0/lib/thor/invocation.rb:126:in `invoke_command'
	from /Users/rob/.rvm/gems/ruby-2.5.1/gems/thor-0.20.0/lib/thor.rb:387:in `dispatch'
	from /Users/rob/.rvm/gems/ruby-2.5.1/gems/railties-5.1.3/lib/rails/command/base.rb:63:in `perform'
	from /Users/rob/.rvm/gems/ruby-2.5.1/gems/railties-5.1.3/lib/rails/command.rb:44:in `invoke'
	from /Users/rob/.rvm/gems/ruby-2.5.1/gems/railties-5.1.3/lib/rails/commands.rb:16:in `<top (required)>'
	from /Users/rob/Dropbox/Projects/calllog/bin/rails:9:in `require'
	from /Users/rob/Dropbox/Projects/calllog/bin/rails:9:in `<top (required)>'
	from /Users/rob/.rvm/gems/ruby-2.5.1/gems/spring-2.0.2/lib/spring/client/rails.rb:28:in `load'
	from /Users/rob/.rvm/gems/ruby-2.5.1/gems/spring-2.0.2/lib/spring/client/rails.rb:28:in `call'
	from /Users/rob/.rvm/gems/ruby-2.5.1/gems/spring-2.0.2/lib/spring/client/command.rb:7:in `call'
	from /Users/rob/.rvm/gems/ruby-2.5.1/gems/spring-2.0.2/lib/spring/client.rb:30:in `run'
	from /Users/rob/.rvm/gems/ruby-2.5.1/gems/spring-2.0.2/bin/spring:49:in `<top (required)>'
	from /Users/rob/.rvm/gems/ruby-2.5.1/gems/spring-2.0.2/lib/spring/binstub.rb:31:in `load'
	from /Users/rob/.rvm/gems/ruby-2.5.1/gems/spring-2.0.2/lib/spring/binstub.rb:31:in `<top (required)>'
	from /Users/rob/Dropbox/Projects/calllog/bin/spring:15:in `require'
	from /Users/rob/Dropbox/Projects/calllog/bin/spring:15:in `<top (required)>'
	from bin/rails:3:in `load'
	from bin/rails:3:in `<main>'
=== puma startup: 2018-07-23 12:58:29 +0200 ===
/Users/rob/.rvm/gems/ruby-2.5.1/gems/puma-3.10.0/lib/puma/launcher.rb:130:in `initialize': No such file or directory @ rb_sysopen - /Users/rob/Dropbox/Projects/calllog/shared/pids/puma.pid (Errno::ENOENT)
	from /Users/rob/.rvm/gems/ruby-2.5.1/gems/puma-3.10.0/lib/puma/launcher.rb:130:in `open'
	from /Users/rob/.rvm/gems/ruby-2.5.1/gems/puma-3.10.0/lib/puma/launcher.rb:130:in `write_pid'
	from /Users/rob/.rvm/gems/ruby-2.5.1/gems/puma-3.10.0/lib/puma/launcher.rb:103:in `write_state'
	from /Users/rob/.rvm/gems/ruby-2.5.1/gems/puma-3.10.0/lib/puma/cluster.rb:445:in `run'
	from /Users/rob/.rvm/gems/ruby-2.5.1/gems/puma-3.10.0/lib/puma/launcher.rb:183:in `run'
	from /Users/rob/.rvm/gems/ruby-2.5.1/gems/puma-3.10.0/lib/rack/handler/puma.rb:69:in `run'
	from /Users/rob/.rvm/gems/ruby-2.5.1/gems/rack-2.0.3/lib/rack/server.rb:297:in `start'
	from /Users/rob/.rvm/gems/ruby-2.5.1/gems/railties-5.1.3/lib/rails/commands/server/server_command.rb:44:in `start'
	from /Users/rob/.rvm/gems/ruby-2.5.1/gems/railties-5.1.3/lib/rails/commands/server/server_command.rb:131:in `block in perform'
	from /Users/rob/.rvm/gems/ruby-2.5.1/gems/railties-5.1.3/lib/rails/commands/server/server_command.rb:126:in `tap'
	from /Users/rob/.rvm/gems/ruby-2.5.1/gems/railties-5.1.3/lib/rails/commands/server/server_command.rb:126:in `perform'
	from /Users/rob/.rvm/gems/ruby-2.5.1/gems/thor-0.20.0/lib/thor/command.rb:27:in `run'
	from /Users/rob/.rvm/gems/ruby-2.5.1/gems/thor-0.20.0/lib/thor/invocation.rb:126:in `invoke_command'
	from /Users/rob/.rvm/gems/ruby-2.5.1/gems/thor-0.20.0/lib/thor.rb:387:in `dispatch'
	from /Users/rob/.rvm/gems/ruby-2.5.1/gems/railties-5.1.3/lib/rails/command/base.rb:63:in `perform'
	from /Users/rob/.rvm/gems/ruby-2.5.1/gems/railties-5.1.3/lib/rails/command.rb:44:in `invoke'
	from /Users/rob/.rvm/gems/ruby-2.5.1/gems/railties-5.1.3/lib/rails/commands.rb:16:in `<top (required)>'
	from /Users/rob/Dropbox/Projects/calllog/bin/rails:9:in `require'
	from /Users/rob/Dropbox/Projects/calllog/bin/rails:9:in `<top (required)>'
	from /Users/rob/.rvm/gems/ruby-2.5.1/gems/spring-2.0.2/lib/spring/client/rails.rb:28:in `load'
	from /Users/rob/.rvm/gems/ruby-2.5.1/gems/spring-2.0.2/lib/spring/client/rails.rb:28:in `call'
	from /Users/rob/.rvm/gems/ruby-2.5.1/gems/spring-2.0.2/lib/spring/client/command.rb:7:in `call'
	from /Users/rob/.rvm/gems/ruby-2.5.1/gems/spring-2.0.2/lib/spring/client.rb:30:in `run'
	from /Users/rob/.rvm/gems/ruby-2.5.1/gems/spring-2.0.2/bin/spring:49:in `<top (required)>'
	from /Users/rob/.rvm/gems/ruby-2.5.1/gems/spring-2.0.2/lib/spring/binstub.rb:31:in `load'
	from /Users/rob/.rvm/gems/ruby-2.5.1/gems/spring-2.0.2/lib/spring/binstub.rb:31:in `<top (required)>'
	from /Users/rob/Dropbox/Projects/calllog/bin/spring:15:in `require'
	from /Users/rob/Dropbox/Projects/calllog/bin/spring:15:in `<top (required)>'
	from bin/rails:3:in `load'
	from bin/rails:3:in `<main>'
=== puma startup: 2018-07-23 13:11:02 +0200 ===
/Users/rob/.rvm/gems/ruby-2.5.1/gems/puma-3.12.0/lib/puma/launcher.rb:131:in `initialize': No such file or directory @ rb_sysopen - /Users/rob/Dropbox/Projects/calllog/shared/pids/puma.pid (Errno::ENOENT)
	from /Users/rob/.rvm/gems/ruby-2.5.1/gems/puma-3.12.0/lib/puma/launcher.rb:131:in `open'
	from /Users/rob/.rvm/gems/ruby-2.5.1/gems/puma-3.12.0/lib/puma/launcher.rb:131:in `write_pid'
	from /Users/rob/.rvm/gems/ruby-2.5.1/gems/puma-3.12.0/lib/puma/launcher.rb:104:in `write_state'
	from /Users/rob/.rvm/gems/ruby-2.5.1/gems/puma-3.12.0/lib/puma/cluster.rb:458:in `run'
	from /Users/rob/.rvm/gems/ruby-2.5.1/gems/puma-3.12.0/lib/puma/launcher.rb:184:in `run'
	from /Users/rob/.rvm/gems/ruby-2.5.1/gems/puma-3.12.0/lib/rack/handler/puma.rb:70:in `run'
	from /Users/rob/.rvm/gems/ruby-2.5.1/gems/rack-2.0.5/lib/rack/server.rb:297:in `start'
	from /Users/rob/.rvm/gems/ruby-2.5.1/gems/railties-5.1.6/lib/rails/commands/server/server_command.rb:44:in `start'
	from /Users/rob/.rvm/gems/ruby-2.5.1/gems/railties-5.1.6/lib/rails/commands/server/server_command.rb:135:in `block in perform'
	from /Users/rob/.rvm/gems/ruby-2.5.1/gems/railties-5.1.6/lib/rails/commands/server/server_command.rb:130:in `tap'
	from /Users/rob/.rvm/gems/ruby-2.5.1/gems/railties-5.1.6/lib/rails/commands/server/server_command.rb:130:in `perform'
	from /Users/rob/.rvm/gems/ruby-2.5.1/gems/thor-0.20.0/lib/thor/command.rb:27:in `run'
	from /Users/rob/.rvm/gems/ruby-2.5.1/gems/thor-0.20.0/lib/thor/invocation.rb:126:in `invoke_command'
	from /Users/rob/.rvm/gems/ruby-2.5.1/gems/thor-0.20.0/lib/thor.rb:387:in `dispatch'
	from /Users/rob/.rvm/gems/ruby-2.5.1/gems/railties-5.1.6/lib/rails/command/base.rb:63:in `perform'
	from /Users/rob/.rvm/gems/ruby-2.5.1/gems/railties-5.1.6/lib/rails/command.rb:44:in `invoke'
	from /Users/rob/.rvm/gems/ruby-2.5.1/gems/railties-5.1.6/lib/rails/commands.rb:16:in `<top (required)>'
	from /Users/rob/Dropbox/Projects/calllog/bin/rails:9:in `require'
	from /Users/rob/Dropbox/Projects/calllog/bin/rails:9:in `<top (required)>'
	from /Users/rob/.rvm/gems/ruby-2.5.1/gems/spring-2.0.2/lib/spring/client/rails.rb:28:in `load'
	from /Users/rob/.rvm/gems/ruby-2.5.1/gems/spring-2.0.2/lib/spring/client/rails.rb:28:in `call'
	from /Users/rob/.rvm/gems/ruby-2.5.1/gems/spring-2.0.2/lib/spring/client/command.rb:7:in `call'
	from /Users/rob/.rvm/gems/ruby-2.5.1/gems/spring-2.0.2/lib/spring/client.rb:30:in `run'
	from /Users/rob/.rvm/gems/ruby-2.5.1/gems/spring-2.0.2/bin/spring:49:in `<top (required)>'
	from /Users/rob/.rvm/gems/ruby-2.5.1/gems/spring-2.0.2/lib/spring/binstub.rb:31:in `load'
	from /Users/rob/.rvm/gems/ruby-2.5.1/gems/spring-2.0.2/lib/spring/binstub.rb:31:in `<top (required)>'
	from /Users/rob/Dropbox/Projects/calllog/bin/spring:15:in `require'
	from /Users/rob/Dropbox/Projects/calllog/bin/spring:15:in `<top (required)>'
	from bin/rails:3:in `load'
	from bin/rails:3:in `<main>'
=== puma startup: 2018-07-23 13:12:28 +0200 ===
/Users/rob/.rvm/gems/ruby-2.5.1/gems/puma-3.12.0/lib/puma/launcher.rb:131:in `initialize': No such file or directory @ rb_sysopen - /Users/rob/Dropbox/Projects/calllog/shared/pids/puma.pid (Errno::ENOENT)
	from /Users/rob/.rvm/gems/ruby-2.5.1/gems/puma-3.12.0/lib/puma/launcher.rb:131:in `open'
	from /Users/rob/.rvm/gems/ruby-2.5.1/gems/puma-3.12.0/lib/puma/launcher.rb:131:in `write_pid'
	from /Users/rob/.rvm/gems/ruby-2.5.1/gems/puma-3.12.0/lib/puma/launcher.rb:104:in `write_state'
	from /Users/rob/.rvm/gems/ruby-2.5.1/gems/puma-3.12.0/lib/puma/cluster.rb:458:in `run'
	from /Users/rob/.rvm/gems/ruby-2.5.1/gems/puma-3.12.0/lib/puma/launcher.rb:184:in `run'
	from /Users/rob/.rvm/gems/ruby-2.5.1/gems/puma-3.12.0/lib/rack/handler/puma.rb:70:in `run'
	from /Users/rob/.rvm/gems/ruby-2.5.1/gems/rack-2.0.5/lib/rack/server.rb:297:in `start'
	from /Users/rob/.rvm/gems/ruby-2.5.1/gems/railties-5.1.6/lib/rails/commands/server/server_command.rb:44:in `start'
	from /Users/rob/.rvm/gems/ruby-2.5.1/gems/railties-5.1.6/lib/rails/commands/server/server_command.rb:135:in `block in perform'
	from /Users/rob/.rvm/gems/ruby-2.5.1/gems/railties-5.1.6/lib/rails/commands/server/server_command.rb:130:in `tap'
	from /Users/rob/.rvm/gems/ruby-2.5.1/gems/railties-5.1.6/lib/rails/commands/server/server_command.rb:130:in `perform'
	from /Users/rob/.rvm/gems/ruby-2.5.1/gems/thor-0.20.0/lib/thor/command.rb:27:in `run'
	from /Users/rob/.rvm/gems/ruby-2.5.1/gems/thor-0.20.0/lib/thor/invocation.rb:126:in `invoke_command'
	from /Users/rob/.rvm/gems/ruby-2.5.1/gems/thor-0.20.0/lib/thor.rb:387:in `dispatch'
	from /Users/rob/.rvm/gems/ruby-2.5.1/gems/railties-5.1.6/lib/rails/command/base.rb:63:in `perform'
	from /Users/rob/.rvm/gems/ruby-2.5.1/gems/railties-5.1.6/lib/rails/command.rb:44:in `invoke'
	from /Users/rob/.rvm/gems/ruby-2.5.1/gems/railties-5.1.6/lib/rails/commands.rb:16:in `<top (required)>'
	from /Users/rob/Dropbox/Projects/calllog/bin/rails:9:in `require'
	from /Users/rob/Dropbox/Projects/calllog/bin/rails:9:in `<top (required)>'
	from /Users/rob/.rvm/gems/ruby-2.5.1/gems/spring-2.0.2/lib/spring/client/rails.rb:28:in `load'
	from /Users/rob/.rvm/gems/ruby-2.5.1/gems/spring-2.0.2/lib/spring/client/rails.rb:28:in `call'
	from /Users/rob/.rvm/gems/ruby-2.5.1/gems/spring-2.0.2/lib/spring/client/command.rb:7:in `call'
	from /Users/rob/.rvm/gems/ruby-2.5.1/gems/spring-2.0.2/lib/spring/client.rb:30:in `run'
	from /Users/rob/.rvm/gems/ruby-2.5.1/gems/spring-2.0.2/bin/spring:49:in `<top (required)>'
	from /Users/rob/.rvm/gems/ruby-2.5.1/gems/spring-2.0.2/lib/spring/binstub.rb:31:in `load'
	from /Users/rob/.rvm/gems/ruby-2.5.1/gems/spring-2.0.2/lib/spring/binstub.rb:31:in `<top (required)>'
	from /Users/rob/Dropbox/Projects/calllog/bin/spring:15:in `require'
	from /Users/rob/Dropbox/Projects/calllog/bin/spring:15:in `<top (required)>'
	from bin/rails:3:in `load'
	from bin/rails:3:in `<main>'
=== puma startup: 2018-09-08 14:07:44 -0400 ===
/Users/rob/.rvm/gems/ruby-2.4.1/gems/puma-3.12.0/lib/puma/launcher.rb:131:in `initialize': No such file or directory @ rb_sysopen - /Users/rob/Dropbox/Projects/calllog/shared/pids/puma.pid (Errno::ENOENT)
	from /Users/rob/.rvm/gems/ruby-2.4.1/gems/puma-3.12.0/lib/puma/launcher.rb:131:in `open'
	from /Users/rob/.rvm/gems/ruby-2.4.1/gems/puma-3.12.0/lib/puma/launcher.rb:131:in `write_pid'
	from /Users/rob/.rvm/gems/ruby-2.4.1/gems/puma-3.12.0/lib/puma/launcher.rb:104:in `write_state'
	from /Users/rob/.rvm/gems/ruby-2.4.1/gems/puma-3.12.0/lib/puma/cluster.rb:458:in `run'
	from /Users/rob/.rvm/gems/ruby-2.4.1/gems/puma-3.12.0/lib/puma/launcher.rb:184:in `run'
	from /Users/rob/.rvm/gems/ruby-2.4.1/gems/puma-3.12.0/lib/rack/handler/puma.rb:70:in `run'
	from /Users/rob/.rvm/gems/ruby-2.4.1/gems/rack-2.0.5/lib/rack/server.rb:297:in `start'
	from /Users/rob/.rvm/gems/ruby-2.4.1/gems/railties-5.1.6/lib/rails/commands/server/server_command.rb:44:in `start'
	from /Users/rob/.rvm/gems/ruby-2.4.1/gems/railties-5.1.6/lib/rails/commands/server/server_command.rb:135:in `block in perform'
	from /Users/rob/.rvm/gems/ruby-2.4.1/gems/railties-5.1.6/lib/rails/commands/server/server_command.rb:130:in `tap'
	from /Users/rob/.rvm/gems/ruby-2.4.1/gems/railties-5.1.6/lib/rails/commands/server/server_command.rb:130:in `perform'
	from /Users/rob/.rvm/gems/ruby-2.4.1/gems/thor-0.20.0/lib/thor/command.rb:27:in `run'
	from /Users/rob/.rvm/gems/ruby-2.4.1/gems/thor-0.20.0/lib/thor/invocation.rb:126:in `invoke_command'
	from /Users/rob/.rvm/gems/ruby-2.4.1/gems/thor-0.20.0/lib/thor.rb:387:in `dispatch'
	from /Users/rob/.rvm/gems/ruby-2.4.1/gems/railties-5.1.6/lib/rails/command/base.rb:63:in `perform'
	from /Users/rob/.rvm/gems/ruby-2.4.1/gems/railties-5.1.6/lib/rails/command.rb:44:in `invoke'
	from /Users/rob/.rvm/gems/ruby-2.4.1/gems/railties-5.1.6/lib/rails/commands.rb:16:in `<top (required)>'
	from /Users/rob/Dropbox/Projects/calllog/bin/rails:9:in `require'
	from /Users/rob/Dropbox/Projects/calllog/bin/rails:9:in `<top (required)>'
	from /Users/rob/.rvm/gems/ruby-2.4.1/gems/spring-2.0.2/lib/spring/client/rails.rb:28:in `load'
	from /Users/rob/.rvm/gems/ruby-2.4.1/gems/spring-2.0.2/lib/spring/client/rails.rb:28:in `call'
	from /Users/rob/.rvm/gems/ruby-2.4.1/gems/spring-2.0.2/lib/spring/client/command.rb:7:in `call'
	from /Users/rob/.rvm/gems/ruby-2.4.1/gems/spring-2.0.2/lib/spring/client.rb:30:in `run'
	from /Users/rob/.rvm/gems/ruby-2.4.1/gems/spring-2.0.2/bin/spring:49:in `<top (required)>'
	from /Users/rob/.rvm/gems/ruby-2.4.1/gems/spring-2.0.2/lib/spring/binstub.rb:31:in `load'
	from /Users/rob/.rvm/gems/ruby-2.4.1/gems/spring-2.0.2/lib/spring/binstub.rb:31:in `<top (required)>'
	from /Users/rob/Dropbox/Projects/calllog/bin/spring:15:in `require'
	from /Users/rob/Dropbox/Projects/calllog/bin/spring:15:in `<top (required)>'
	from bin/rails:3:in `load'
	from bin/rails:3:in `<main>'
=== puma startup: 2018-09-08 14:43:24 -0400 ===
=== puma startup: 2018-09-08 16:53:31 -0400 ===
=== puma startup: 2018-09-08 17:10:32 -0400 ===
=== puma startup: 2018-09-08 17:11:06 -0400 ===
